


ARM Macro Assembler    Page 1 


    1 00000000         ; <<< Use Configuration Wizard in Context Menu >>>
    2 00000000         ;*******************************************************
                       ***********************
    3 00000000         ;
    4 00000000         ; startup_rvmdk.S - Startup code for use with Keil's uVi
                       sion.
    5 00000000         ;
    6 00000000         ; Copyright (c) 2012-2014 Texas Instruments Incorporated
                       .  All rights reserved.
    7 00000000         ; Software License Agreement
    8 00000000         ; 
    9 00000000         ; Texas Instruments (TI) is supplying this software for 
                       use solely and
   10 00000000         ; exclusively on TI's microcontroller products. The soft
                       ware is owned by
   11 00000000         ; TI and/or its suppliers, and is protected under applic
                       able copyright
   12 00000000         ; laws. You may not combine this software with "viral" o
                       pen-source
   13 00000000         ; software in order to form a larger program.
   14 00000000         ; 
   15 00000000         ; THIS SOFTWARE IS PROVIDED "AS IS" AND WITH ALL FAULTS.
                       
   16 00000000         ; NO WARRANTIES, WHETHER EXPRESS, IMPLIED OR STATUTORY, 
                       INCLUDING, BUT
   17 00000000         ; NOT LIMITED TO, IMPLIED WARRANTIES OF MERCHANTABILITY 
                       AND FITNESS FOR
   18 00000000         ; A PARTICULAR PURPOSE APPLY TO THIS SOFTWARE. TI SHALL 
                       NOT, UNDER ANY
   19 00000000         ; CIRCUMSTANCES, BE LIABLE FOR SPECIAL, INCIDENTAL, OR C
                       ONSEQUENTIAL
   20 00000000         ; DAMAGES, FOR ANY REASON WHATSOEVER.
   21 00000000         ; 
   22 00000000         ; This is part of revision 2.1.0.12573 of the DK-TM4C123
                       G Firmware Package.
   23 00000000         ;
   24 00000000         ;*******************************************************
                       ***********************
   25 00000000         
   26 00000000         ;*******************************************************
                       ***********************
   27 00000000         ;
   28 00000000         ; <o> Stack Size (in Bytes) <0x0-0xFFFFFFFF:8>
   29 00000000         ;
   30 00000000         ;*******************************************************
                       ***********************
   31 00000000 00000400 
                       Stack   EQU              0x00000400
   32 00000000         
   33 00000000         ;*******************************************************
                       ***********************
   34 00000000         ;
   35 00000000         ; <o> Heap Size (in Bytes) <0x0-0xFFFFFFFF:8>
   36 00000000         ;
   37 00000000         ;*******************************************************
                       ***********************
   38 00000000 00000000 
                       Heap    EQU              0x00000000
   39 00000000         



ARM Macro Assembler    Page 2 


   40 00000000         ;*******************************************************
                       ***********************
   41 00000000         ;
   42 00000000         ; Allocate space for the stack.
   43 00000000         ;
   44 00000000         ;*******************************************************
                       ***********************
   45 00000000                 AREA             STACK, NOINIT, READWRITE, ALIGN
=3
   46 00000000         StackMem
   47 00000000                 SPACE            Stack
   48 00000400         __initial_sp
   49 00000400         
   50 00000400         ;*******************************************************
                       ***********************
   51 00000400         ;
   52 00000400         ; Allocate space for the heap.
   53 00000400         ;
   54 00000400         ;*******************************************************
                       ***********************
   55 00000400                 AREA             HEAP, NOINIT, READWRITE, ALIGN=
3
   56 00000000         __heap_base
   57 00000000         HeapMem
   58 00000000                 SPACE            Heap
   59 00000000         __heap_limit
   60 00000000         
   61 00000000         ;*******************************************************
                       ***********************
   62 00000000         ;
   63 00000000         ; Indicate that the code in this file preserves 8-byte a
                       lignment of the stack.
   64 00000000         ;
   65 00000000         ;*******************************************************
                       ***********************
   66 00000000                 PRESERVE8
   67 00000000         
   68 00000000         ;*******************************************************
                       ***********************
   69 00000000         ;
   70 00000000         ; Place code into the reset code section.
   71 00000000         ;
   72 00000000         ;*******************************************************
                       ***********************
   73 00000000                 AREA             RESET, CODE, READONLY
   74 00000000                 THUMB
   75 00000000         
   76 00000000         ;*******************************************************
                       ***********************
   77 00000000         ;
   78 00000000         ; The vector table.
   79 00000000         ;
   80 00000000         ;*******************************************************
                       ***********************
   81 00000000         
   82 00000000         ;EXTERN  UARTIntHandler
   83 00000000         
   84 00000000                 EXPORT           __Vectors
   85 00000000         __Vectors



ARM Macro Assembler    Page 3 


   86 00000000 00000400        DCD              StackMem + Stack ; Top of Stack
                                                            
   87 00000004 00000000        DCD              Reset_Handler ; Reset Handler
   88 00000008 00000000        DCD              NmiSR       ; NMI Handler
   89 0000000C 00000000        DCD              FaultISR    ; Hard Fault Handle
                                                            r
   90 00000010 00000000        DCD              IntDefaultHandler ; The MPU fau
                                                            lt handler
   91 00000014 00000000        DCD              IntDefaultHandler ; The bus fau
                                                            lt handler
   92 00000018 00000000        DCD              IntDefaultHandler ; The usage f
                                                            ault handler
   93 0000001C 00000000        DCD              0           ; Reserved
   94 00000020 00000000        DCD              0           ; Reserved
   95 00000024 00000000        DCD              0           ; Reserved
   96 00000028 00000000        DCD              0           ; Reserved
   97 0000002C 00000000        DCD              IntDefaultHandler 
                                                            ; SVCall handler
   98 00000030 00000000        DCD              IntDefaultHandler ; Debug monit
                                                            or handler
   99 00000034 00000000        DCD              0           ; Reserved
  100 00000038 00000000        DCD              IntDefaultHandler ; The PendSV 
                                                            handler
  101 0000003C 00000000        DCD              IntDefaultHandler ; The SysTick
                                                             handler
  102 00000040 00000000        DCD              IntDefaultHandler ; GPIO Port A
                                                            
  103 00000044 00000000        DCD              IntDefaultHandler ; GPIO Port B
                                                            
  104 00000048 00000000        DCD              IntDefaultHandler ; GPIO Port C
                                                            
  105 0000004C 00000000        DCD              IntDefaultHandler ; GPIO Port D
                                                            
  106 00000050 00000000        DCD              IntDefaultHandler ; GPIO Port E
                                                            
  107 00000054 00000000        DCD              IntDefaultHandler 
                                                            ; UART0 Rx and Tx
  108 00000058 00000000        DCD              IntDefaultHandler 
                                                            ; UART1 Rx and Tx
  109 0000005C 00000000        DCD              IntDefaultHandler 
                                                            ; SSI0 Rx and Tx
  110 00000060 00000000        DCD              IntDefaultHandler ; I2C0 Master
                                                             and Slave
  111 00000064 00000000        DCD              IntDefaultHandler ; PWM Fault
  112 00000068 00000000        DCD              IntDefaultHandler 
                                                            ; PWM Generator 0
  113 0000006C 00000000        DCD              IntDefaultHandler 
                                                            ; PWM Generator 1
  114 00000070 00000000        DCD              IntDefaultHandler 
                                                            ; PWM Generator 2
  115 00000074 00000000        DCD              IntDefaultHandler ; Quadrature 
                                                            Encoder 0
  116 00000078 00000000        DCD              IntDefaultHandler 
                                                            ; ADC Sequence 0
  117 0000007C 00000000        DCD              IntDefaultHandler 
                                                            ; ADC Sequence 1
  118 00000080 00000000        DCD              IntDefaultHandler 
                                                            ; ADC Sequence 2
  119 00000084 00000000        DCD              IntDefaultHandler 



ARM Macro Assembler    Page 4 


                                                            ; ADC Sequence 3
  120 00000088 00000000        DCD              IntDefaultHandler 
                                                            ; Watchdog timer
  121 0000008C 00000000        DCD              IntDefaultHandler ; Timer 0 sub
                                                            timer A
  122 00000090 00000000        DCD              IntDefaultHandler ; Timer 0 sub
                                                            timer B
  123 00000094 00000000        DCD              IntDefaultHandler ; Timer 1 sub
                                                            timer A
  124 00000098 00000000        DCD              IntDefaultHandler ; Timer 1 sub
                                                            timer B
  125 0000009C 00000000        DCD              IntDefaultHandler ; Timer 2 sub
                                                            timer A
  126 000000A0 00000000        DCD              IntDefaultHandler ; Timer 2 sub
                                                            timer B
  127 000000A4 00000000        DCD              IntDefaultHandler ; Analog Comp
                                                            arator 0
  128 000000A8 00000000        DCD              IntDefaultHandler ; Analog Comp
                                                            arator 1
  129 000000AC 00000000        DCD              IntDefaultHandler ; Analog Comp
                                                            arator 2
  130 000000B0 00000000        DCD              IntDefaultHandler ; System Cont
                                                            rol (PLL, OSC, BO)
  131 000000B4 00000000        DCD              IntDefaultHandler 
                                                            ; FLASH Control
  132 000000B8 00000000        DCD              IntDefaultHandler ; GPIO Port F
                                                            
  133 000000BC 00000000        DCD              IntDefaultHandler ; GPIO Port G
                                                            
  134 000000C0 00000000        DCD              IntDefaultHandler ; GPIO Port H
                                                            
  135 000000C4 00000000        DCD              IntDefaultHandler 
                                                            ; UART2 Rx and Tx
  136 000000C8 00000000        DCD              IntDefaultHandler 
                                                            ; SSI1 Rx and Tx
  137 000000CC 00000000        DCD              IntDefaultHandler ; Timer 3 sub
                                                            timer A
  138 000000D0 00000000        DCD              IntDefaultHandler ; Timer 3 sub
                                                            timer B
  139 000000D4 00000000        DCD              IntDefaultHandler ; I2C1 Master
                                                             and Slave
  140 000000D8 00000000        DCD              IntDefaultHandler ; Quadrature 
                                                            Encoder 1
  141 000000DC 00000000        DCD              IntDefaultHandler ; CAN0
  142 000000E0 00000000        DCD              IntDefaultHandler ; CAN1
  143 000000E4 00000000        DCD              0           ; Reserved
  144 000000E8 00000000        DCD              0           ; Reserved
  145 000000EC 00000000        DCD              IntDefaultHandler ; Hibernate
  146 000000F0 00000000        DCD              IntDefaultHandler ; USB0
  147 000000F4 00000000        DCD              IntDefaultHandler 
                                                            ; PWM Generator 3
  148 000000F8 00000000        DCD              IntDefaultHandler ; uDMA Softwa
                                                            re Transfer
  149 000000FC 00000000        DCD              IntDefaultHandler ; uDMA Error
  150 00000100 00000000        DCD              IntDefaultHandler 
                                                            ; ADC1 Sequence 0
  151 00000104 00000000        DCD              IntDefaultHandler 
                                                            ; ADC1 Sequence 1
  152 00000108 00000000        DCD              IntDefaultHandler 



ARM Macro Assembler    Page 5 


                                                            ; ADC1 Sequence 2
  153 0000010C 00000000        DCD              IntDefaultHandler 
                                                            ; ADC1 Sequence 3
  154 00000110 00000000        DCD              0           ; Reserved
  155 00000114 00000000        DCD              0           ; Reserved
  156 00000118 00000000        DCD              IntDefaultHandler ; GPIO Port J
                                                            
  157 0000011C 00000000        DCD              IntDefaultHandler ; GPIO Port K
                                                            
  158 00000120 00000000        DCD              IntDefaultHandler ; GPIO Port L
                                                            
  159 00000124 00000000        DCD              IntDefaultHandler 
                                                            ; SSI2 Rx and Tx
  160 00000128 00000000        DCD              IntDefaultHandler 
                                                            ; SSI3 Rx and Tx
  161 0000012C 00000000        DCD              IntDefaultHandler 
                                                            ; UART3 Rx and Tx
  162 00000130 00000000        DCD              IntDefaultHandler 
                                                            ; UART4 Rx and Tx
  163 00000134 00000000        DCD              IntDefaultHandler 
                                                            ; UART5 Rx and Tx
  164 00000138 00000000        DCD              IntDefaultHandler 
                                                            ; UART6 Rx and Tx
  165 0000013C 00000000        DCD              IntDefaultHandler 
                                                            ; UART7 Rx and Tx
  166 00000140 00000000        DCD              0           ; Reserved
  167 00000144 00000000        DCD              0           ; Reserved
  168 00000148 00000000        DCD              0           ; Reserved
  169 0000014C 00000000        DCD              0           ; Reserved
  170 00000150 00000000        DCD              IntDefaultHandler ; I2C2 Master
                                                             and Slave
  171 00000154 00000000        DCD              IntDefaultHandler ; I2C3 Master
                                                             and Slave
  172 00000158 00000000        DCD              IntDefaultHandler ; Timer 4 sub
                                                            timer A
  173 0000015C 00000000        DCD              IntDefaultHandler ; Timer 4 sub
                                                            timer B
  174 00000160 00000000        DCD              0           ; Reserved
  175 00000164 00000000        DCD              0           ; Reserved
  176 00000168 00000000        DCD              0           ; Reserved
  177 0000016C 00000000        DCD              0           ; Reserved
  178 00000170 00000000        DCD              0           ; Reserved
  179 00000174 00000000        DCD              0           ; Reserved
  180 00000178 00000000        DCD              0           ; Reserved
  181 0000017C 00000000        DCD              0           ; Reserved
  182 00000180 00000000        DCD              0           ; Reserved
  183 00000184 00000000        DCD              0           ; Reserved
  184 00000188 00000000        DCD              0           ; Reserved
  185 0000018C 00000000        DCD              0           ; Reserved
  186 00000190 00000000        DCD              0           ; Reserved
  187 00000194 00000000        DCD              0           ; Reserved
  188 00000198 00000000        DCD              0           ; Reserved
  189 0000019C 00000000        DCD              0           ; Reserved
  190 000001A0 00000000        DCD              0           ; Reserved
  191 000001A4 00000000        DCD              0           ; Reserved
  192 000001A8 00000000        DCD              0           ; Reserved
  193 000001AC 00000000        DCD              0           ; Reserved
  194 000001B0 00000000        DCD              IntDefaultHandler ; Timer 5 sub
                                                            timer A



ARM Macro Assembler    Page 6 


  195 000001B4 00000000        DCD              IntDefaultHandler ; Timer 5 sub
                                                            timer B
  196 000001B8 00000000        DCD              IntDefaultHandler ; Wide Timer 
                                                            0 subtimer A
  197 000001BC 00000000        DCD              IntDefaultHandler ; Wide Timer 
                                                            0 subtimer B
  198 000001C0 00000000        DCD              IntDefaultHandler ; Wide Timer 
                                                            1 subtimer A
  199 000001C4 00000000        DCD              IntDefaultHandler ; Wide Timer 
                                                            1 subtimer B
  200 000001C8 00000000        DCD              IntDefaultHandler ; Wide Timer 
                                                            2 subtimer A
  201 000001CC 00000000        DCD              IntDefaultHandler ; Wide Timer 
                                                            2 subtimer B
  202 000001D0 00000000        DCD              IntDefaultHandler ; Wide Timer 
                                                            3 subtimer A
  203 000001D4 00000000        DCD              IntDefaultHandler ; Wide Timer 
                                                            3 subtimer B
  204 000001D8 00000000        DCD              IntDefaultHandler ; Wide Timer 
                                                            4 subtimer A
  205 000001DC 00000000        DCD              IntDefaultHandler ; Wide Timer 
                                                            4 subtimer B
  206 000001E0 00000000        DCD              IntDefaultHandler ; Wide Timer 
                                                            5 subtimer A
  207 000001E4 00000000        DCD              IntDefaultHandler ; Wide Timer 
                                                            5 subtimer B
  208 000001E8 00000000        DCD              IntDefaultHandler ; FPU
  209 000001EC 00000000        DCD              0           ; Reserved
  210 000001F0 00000000        DCD              0           ; Reserved
  211 000001F4 00000000        DCD              IntDefaultHandler ; I2C4 Master
                                                             and Slave
  212 000001F8 00000000        DCD              IntDefaultHandler ; I2C5 Master
                                                             and Slave
  213 000001FC 00000000        DCD              IntDefaultHandler ; GPIO Port M
                                                            
  214 00000200 00000000        DCD              IntDefaultHandler ; GPIO Port N
                                                            
  215 00000204 00000000        DCD              IntDefaultHandler ; Quadrature 
                                                            Encoder 2
  216 00000208 00000000        DCD              0           ; Reserved
  217 0000020C 00000000        DCD              0           ; Reserved
  218 00000210 00000000        DCD              IntDefaultHandler ; GPIO Port P
                                                             (Summary or P0)
  219 00000214 00000000        DCD              IntDefaultHandler 
                                                            ; GPIO Port P1
  220 00000218 00000000        DCD              IntDefaultHandler 
                                                            ; GPIO Port P2
  221 0000021C 00000000        DCD              IntDefaultHandler 
                                                            ; GPIO Port P3
  222 00000220 00000000        DCD              IntDefaultHandler 
                                                            ; GPIO Port P4
  223 00000224 00000000        DCD              IntDefaultHandler 
                                                            ; GPIO Port P5
  224 00000228 00000000        DCD              IntDefaultHandler 
                                                            ; GPIO Port P6
  225 0000022C 00000000        DCD              IntDefaultHandler 
                                                            ; GPIO Port P7
  226 00000230 00000000        DCD              IntDefaultHandler ; GPIO Port Q
                                                             (Summary or Q0)



ARM Macro Assembler    Page 7 


  227 00000234 00000000        DCD              IntDefaultHandler 
                                                            ; GPIO Port Q1
  228 00000238 00000000        DCD              IntDefaultHandler 
                                                            ; GPIO Port Q2
  229 0000023C 00000000        DCD              IntDefaultHandler 
                                                            ; GPIO Port Q3
  230 00000240 00000000        DCD              IntDefaultHandler 
                                                            ; GPIO Port Q4
  231 00000244 00000000        DCD              IntDefaultHandler 
                                                            ; GPIO Port Q5
  232 00000248 00000000        DCD              IntDefaultHandler 
                                                            ; GPIO Port Q6
  233 0000024C 00000000        DCD              IntDefaultHandler 
                                                            ; GPIO Port Q7
  234 00000250 00000000        DCD              IntDefaultHandler ; GPIO Port R
                                                            
  235 00000254 00000000        DCD              IntDefaultHandler ; GPIO Port S
                                                            
  236 00000258 00000000        DCD              IntDefaultHandler 
                                                            ; PWM 1 Generator 0
                                                            
  237 0000025C 00000000        DCD              IntDefaultHandler 
                                                            ; PWM 1 Generator 1
                                                            
  238 00000260 00000000        DCD              IntDefaultHandler 
                                                            ; PWM 1 Generator 2
                                                            
  239 00000264 00000000        DCD              IntDefaultHandler 
                                                            ; PWM 1 Generator 3
                                                            
  240 00000268 00000000        DCD              IntDefaultHandler ; PWM 1 Fault
                                                            
  241 0000026C FF01FF02        DCD              0xFF01FF02  ; HEADER PREFIX 0
  242 00000270 FF03FF04        DCD              0xFF03FF04  ; HEADER PREFIX 1
  243 00000274 FFFFFFFF        DCD              0xFFFFFFFF  ; HEADER IMAGE LEN
  244 00000278 FFFFFFFF        DCD              0xFFFFFFFF  ; HEADER CRC32
  245 0000027C FFFFFFFF        DCD              0xFFFFFFFF  ; HEADER Reserved
  246 00000280 FFFFFFFF        DCD              0xFFFFFFFF  ; HEADER Reserved
  247 00000284 FFFFFFFF        DCD              0xFFFFFFFF  ; HEADER Reserved
  248 00000288 FFFFFFFF        DCD              0xFFFFFFFF  ; HEADER Reserved
  249 0000028C         
  250 0000028C         ;*******************************************************
                       ***********************
  251 0000028C         ;
  252 0000028C         ; This is the code that gets called when the processor f
                       irst starts execution
  253 0000028C         ; following a reset event.
  254 0000028C         ;
  255 0000028C         ;*******************************************************
                       ***********************
  256 0000028C                 EXPORT           Reset_Handler
  257 0000028C         Reset_Handler
  258 0000028C         ;
  259 0000028C         ; Enable the floating-point unit.  This must be done her
                       e to handle the
  260 0000028C         ; case where main() uses floating-point and the function
                        prologue saves
  261 0000028C         ; floating-point registers (which will fault if floating
                       -point is not



ARM Macro Assembler    Page 8 


  262 0000028C         ; enabled).  Any configuration of the floating-point uni
                       t using
  263 0000028C         ; DriverLib APIs must be done here prior to the floating
                       -point unit
  264 0000028C         ; being enabled.
  265 0000028C         ;
  266 0000028C         ; Note that this does not use DriverLib since it might n
                       ot be included
  267 0000028C         ; in this project.
  268 0000028C         ;
  269 0000028C F64E 5088       MOVW             R0, #0xED88
  270 00000290 F2CE 0000       MOVT             R0, #0xE000
  271 00000294 6801            LDR              R1, [R0]
  272 00000296 F441 0170       ORR              R1, #0x00F00000
  273 0000029A 6001            STR              R1, [R0]
  274 0000029C         
  275 0000029C         ;
  276 0000029C         ; Call the C library enty point that handles startup.  T
                       his will copy
  277 0000029C         ; the .data section initializers from flash to SRAM and 
                       zero fill the
  278 0000029C         ; .bss section.
  279 0000029C         ;
  280 0000029C                 IMPORT           __main
  281 0000029C F7FF BFFE       B                __main
  282 000002A0         
  283 000002A0         ;*******************************************************
                       ***********************
  284 000002A0         ;
  285 000002A0         ; This is the code that gets called when the processor r
                       eceives a NMI.  This
  286 000002A0         ; simply enters an infinite loop, preserving the system 
                       state for examination
  287 000002A0         ; by a debugger.
  288 000002A0         ;
  289 000002A0         ;*******************************************************
                       ***********************
  290 000002A0         NmiSR
  291 000002A0 E7FE            B                NmiSR
  292 000002A2         
  293 000002A2         ;*******************************************************
                       ***********************
  294 000002A2         ;
  295 000002A2         ; This is the code that gets called when the processor r
                       eceives a fault
  296 000002A2         ; interrupt.  This simply enters an infinite loop, prese
                       rving the system state
  297 000002A2         ; for examination by a debugger.
  298 000002A2         ;
  299 000002A2         ;*******************************************************
                       ***********************
  300 000002A2         FaultISR
  301 000002A2 E7FE            B                FaultISR
  302 000002A4         
  303 000002A4         ;*******************************************************
                       ***********************
  304 000002A4         ;
  305 000002A4         ; This is the code that gets called when the processor r
                       eceives an unexpected



ARM Macro Assembler    Page 9 


  306 000002A4         ; interrupt.  This simply enters an infinite loop, prese
                       rving the system state
  307 000002A4         ; for examination by a debugger.
  308 000002A4         ;
  309 000002A4         ;*******************************************************
                       ***********************
  310 000002A4         IntDefaultHandler
  311 000002A4 E7FE            B                IntDefaultHandler
  312 000002A6         
  313 000002A6         ;*******************************************************
                       ***********************
  314 000002A6         ;
  315 000002A6         ; Make sure the end of this section is aligned.
  316 000002A6         ;
  317 000002A6         ;*******************************************************
                       ***********************
  318 000002A6 00 00           ALIGN
  319 000002A8         
  320 000002A8         ;*******************************************************
                       ***********************
  321 000002A8         ;
  322 000002A8         ; Some code in the normal code section for initializing 
                       the heap and stack.
  323 000002A8         ;
  324 000002A8         ;*******************************************************
                       ***********************
  325 000002A8                 AREA             |.text|, CODE, READONLY
  326 00000000         
  327 00000000         ;*******************************************************
                       ***********************
  328 00000000         ;
  329 00000000         ; The function expected of the C library startup code fo
                       r defining the stack
  330 00000000         ; and heap memory locations.  For the C library version 
                       of the startup code,
  331 00000000         ; provide this function so that the C library initializa
                       tion code can find out
  332 00000000         ; the location of the stack and heap.
  333 00000000         ;
  334 00000000         ;*******************************************************
                       ***********************
  335 00000000                 IF               :DEF: __MICROLIB
  336 00000000                 EXPORT           __initial_sp
  337 00000000                 EXPORT           __heap_base
  338 00000000                 EXPORT           __heap_limit
  339 00000000                 ELSE
  348                          ENDIF
  349 00000000         
  350 00000000         ;*******************************************************
                       ***********************
  351 00000000         ;
  352 00000000         ; Make sure the end of this section is aligned.
  353 00000000         ;
  354 00000000         ;*******************************************************
                       ***********************
  355 00000000                 ALIGN
  356 00000000         
  357 00000000         ;*******************************************************
                       ***********************



ARM Macro Assembler    Page 10 


  358 00000000         ;
  359 00000000         ; Tell the assembler that we're done.
  360 00000000         ;
  361 00000000         ;*******************************************************
                       ***********************
  362 00000000                 END
Command Line: --debug --xref --cpu=Cortex-M4.fp --apcs=interwork --depend=.\bin
\startup_rvmdk.d -o.\bin\startup_rvmdk.o -IC:\Keil\ARM\RV31\INC -IC:\Keil\ARM\C
MSIS\Include -IC:\Keil\ARM\Inc\TI\TM4C123 --predefine="__MICROLIB SETA 1" --lis
t=.\startup_rvmdk.lst startup_rvmdk.S



ARM Macro Assembler    Page 1 Alphabetic symbol ordering
Relocatable symbols

STACK 00000000

Symbol: STACK
   Definitions
      At line 45 in file startup_rvmdk.S
   Uses
      None
Comment: STACK unused
StackMem 00000000

Symbol: StackMem
   Definitions
      At line 46 in file startup_rvmdk.S
   Uses
      At line 86 in file startup_rvmdk.S
Comment: StackMem used once
__initial_sp 00000400

Symbol: __initial_sp
   Definitions
      At line 48 in file startup_rvmdk.S
   Uses
      At line 336 in file startup_rvmdk.S
Comment: __initial_sp used once
3 symbols



ARM Macro Assembler    Page 1 Alphabetic symbol ordering
Relocatable symbols

HEAP 00000000

Symbol: HEAP
   Definitions
      At line 55 in file startup_rvmdk.S
   Uses
      None
Comment: HEAP unused
HeapMem 00000000

Symbol: HeapMem
   Definitions
      At line 57 in file startup_rvmdk.S
   Uses
      None
Comment: HeapMem unused
__heap_base 00000000

Symbol: __heap_base
   Definitions
      At line 56 in file startup_rvmdk.S
   Uses
      At line 337 in file startup_rvmdk.S
Comment: __heap_base used once
__heap_limit 00000000

Symbol: __heap_limit
   Definitions
      At line 59 in file startup_rvmdk.S
   Uses
      At line 338 in file startup_rvmdk.S
Comment: __heap_limit used once
4 symbols



ARM Macro Assembler    Page 1 Alphabetic symbol ordering
Relocatable symbols

FaultISR 000002A2

Symbol: FaultISR
   Definitions
      At line 300 in file startup_rvmdk.S
   Uses
      At line 89 in file startup_rvmdk.S
      At line 301 in file startup_rvmdk.S

IntDefaultHandler 000002A4

Symbol: IntDefaultHandler
   Definitions
      At line 310 in file startup_rvmdk.S
   Uses
      At line 90 in file startup_rvmdk.S
      At line 91 in file startup_rvmdk.S
      At line 92 in file startup_rvmdk.S
      At line 97 in file startup_rvmdk.S
      At line 98 in file startup_rvmdk.S
      At line 100 in file startup_rvmdk.S
      At line 101 in file startup_rvmdk.S
      At line 102 in file startup_rvmdk.S
      At line 103 in file startup_rvmdk.S
      At line 104 in file startup_rvmdk.S
      At line 105 in file startup_rvmdk.S
      At line 106 in file startup_rvmdk.S
      At line 107 in file startup_rvmdk.S
      At line 108 in file startup_rvmdk.S
      At line 109 in file startup_rvmdk.S
      At line 110 in file startup_rvmdk.S
      At line 111 in file startup_rvmdk.S
      At line 112 in file startup_rvmdk.S
      At line 113 in file startup_rvmdk.S
      At line 114 in file startup_rvmdk.S
      At line 115 in file startup_rvmdk.S
      At line 116 in file startup_rvmdk.S
      At line 117 in file startup_rvmdk.S
      At line 118 in file startup_rvmdk.S
      At line 119 in file startup_rvmdk.S
      At line 120 in file startup_rvmdk.S
      At line 121 in file startup_rvmdk.S
      At line 122 in file startup_rvmdk.S
      At line 123 in file startup_rvmdk.S
      At line 124 in file startup_rvmdk.S
      At line 125 in file startup_rvmdk.S
      At line 126 in file startup_rvmdk.S
      At line 127 in file startup_rvmdk.S
      At line 128 in file startup_rvmdk.S
      At line 129 in file startup_rvmdk.S
      At line 130 in file startup_rvmdk.S
      At line 131 in file startup_rvmdk.S
      At line 132 in file startup_rvmdk.S
      At line 133 in file startup_rvmdk.S
      At line 134 in file startup_rvmdk.S
      At line 135 in file startup_rvmdk.S
      At line 136 in file startup_rvmdk.S
      At line 137 in file startup_rvmdk.S
      At line 138 in file startup_rvmdk.S



ARM Macro Assembler    Page 2 Alphabetic symbol ordering
Relocatable symbols

      At line 139 in file startup_rvmdk.S
      At line 140 in file startup_rvmdk.S
      At line 141 in file startup_rvmdk.S
      At line 142 in file startup_rvmdk.S
      At line 145 in file startup_rvmdk.S
      At line 146 in file startup_rvmdk.S
      At line 147 in file startup_rvmdk.S
      At line 148 in file startup_rvmdk.S
      At line 149 in file startup_rvmdk.S
      At line 150 in file startup_rvmdk.S
      At line 151 in file startup_rvmdk.S
      At line 152 in file startup_rvmdk.S
      At line 153 in file startup_rvmdk.S
      At line 156 in file startup_rvmdk.S
      At line 157 in file startup_rvmdk.S
      At line 158 in file startup_rvmdk.S
      At line 159 in file startup_rvmdk.S
      At line 160 in file startup_rvmdk.S
      At line 161 in file startup_rvmdk.S
      At line 162 in file startup_rvmdk.S
      At line 163 in file startup_rvmdk.S
      At line 164 in file startup_rvmdk.S
      At line 165 in file startup_rvmdk.S
      At line 170 in file startup_rvmdk.S
      At line 171 in file startup_rvmdk.S
      At line 172 in file startup_rvmdk.S
      At line 173 in file startup_rvmdk.S
      At line 194 in file startup_rvmdk.S
      At line 195 in file startup_rvmdk.S
      At line 196 in file startup_rvmdk.S
      At line 197 in file startup_rvmdk.S
      At line 198 in file startup_rvmdk.S
      At line 199 in file startup_rvmdk.S
      At line 200 in file startup_rvmdk.S
      At line 201 in file startup_rvmdk.S
      At line 202 in file startup_rvmdk.S
      At line 203 in file startup_rvmdk.S
      At line 204 in file startup_rvmdk.S
      At line 205 in file startup_rvmdk.S
      At line 206 in file startup_rvmdk.S
      At line 207 in file startup_rvmdk.S
      At line 208 in file startup_rvmdk.S
      At line 211 in file startup_rvmdk.S
      At line 212 in file startup_rvmdk.S
      At line 213 in file startup_rvmdk.S
      At line 214 in file startup_rvmdk.S
      At line 215 in file startup_rvmdk.S
      At line 218 in file startup_rvmdk.S
      At line 219 in file startup_rvmdk.S
      At line 220 in file startup_rvmdk.S
      At line 221 in file startup_rvmdk.S
      At line 222 in file startup_rvmdk.S
      At line 223 in file startup_rvmdk.S
      At line 224 in file startup_rvmdk.S
      At line 225 in file startup_rvmdk.S
      At line 226 in file startup_rvmdk.S
      At line 227 in file startup_rvmdk.S
      At line 228 in file startup_rvmdk.S
      At line 229 in file startup_rvmdk.S



ARM Macro Assembler    Page 3 Alphabetic symbol ordering
Relocatable symbols

      At line 230 in file startup_rvmdk.S
      At line 231 in file startup_rvmdk.S
      At line 232 in file startup_rvmdk.S
      At line 233 in file startup_rvmdk.S
      At line 234 in file startup_rvmdk.S
      At line 235 in file startup_rvmdk.S
      At line 236 in file startup_rvmdk.S
      At line 237 in file startup_rvmdk.S
      At line 238 in file startup_rvmdk.S
      At line 239 in file startup_rvmdk.S
      At line 240 in file startup_rvmdk.S
      At line 311 in file startup_rvmdk.S

NmiSR 000002A0

Symbol: NmiSR
   Definitions
      At line 290 in file startup_rvmdk.S
   Uses
      At line 88 in file startup_rvmdk.S
      At line 291 in file startup_rvmdk.S

RESET 00000000

Symbol: RESET
   Definitions
      At line 73 in file startup_rvmdk.S
   Uses
      None
Comment: RESET unused
Reset_Handler 0000028C

Symbol: Reset_Handler
   Definitions
      At line 257 in file startup_rvmdk.S
   Uses
      At line 87 in file startup_rvmdk.S
      At line 256 in file startup_rvmdk.S

__Vectors 00000000

Symbol: __Vectors
   Definitions
      At line 85 in file startup_rvmdk.S
   Uses
      At line 84 in file startup_rvmdk.S
Comment: __Vectors used once
6 symbols



ARM Macro Assembler    Page 1 Alphabetic symbol ordering
Relocatable symbols

.text 00000000

Symbol: .text
   Definitions
      At line 325 in file startup_rvmdk.S
   Uses
      None
Comment: .text unused
1 symbol



ARM Macro Assembler    Page 1 Alphabetic symbol ordering
Absolute symbols

Heap 00000000

Symbol: Heap
   Definitions
      At line 38 in file startup_rvmdk.S
   Uses
      At line 58 in file startup_rvmdk.S
Comment: Heap used once
Stack 00000400

Symbol: Stack
   Definitions
      At line 31 in file startup_rvmdk.S
   Uses
      At line 47 in file startup_rvmdk.S
      At line 86 in file startup_rvmdk.S

2 symbols



ARM Macro Assembler    Page 1 Alphabetic symbol ordering
External symbols

__main 00000000

Symbol: __main
   Definitions
      At line 280 in file startup_rvmdk.S
   Uses
      At line 281 in file startup_rvmdk.S
Comment: __main used once
1 symbol
349 symbols in table
